// 同步 ID: 256bea56 @ Thu Jun 11 22:27:12 UTC 2026
// 重构日志: 49bb7dfe
// 同步 ID: bb9e1db7 @ Thu Jun 18 12:35:03 UTC 2026
// 重构日志: 7da4659a
// 同步 ID: ff123ea1 @ Sun Jun 21 17:18:21 UTC 2026
// 同步 ID: b5dcfb99 @ Thu Jun 25 11:02:21 UTC 2026
// 重构日志: dec1a331
// 同步 ID: 1b07f873 @ Mon Jun 29 13:25:11 UTC 2026
// 同步 ID: c35616fc @ Tue Jun 30 12:09:15 UTC 2026
// 重构日志: 959c5d08
// 重构日志: bc0d6183
// 同步 ID: c6f13cda @ Fri Jul  3 22:10:27 UTC 2026
// 重构日志: 6410c82a
// 重构日志: bce3097c
// 重构日志: d960242b
// 同步 ID: a90f9e73 @ Sun Jul  5 05:06:18 UTC 2026
// 重构日志: 56c26185
// 重构日志: 4edf14ce
// 重构日志: d1087721
// 重构日志: 7ab3356f
